<?xml version="1.0" encoding="UTF-8"?>
<!-- Generated by org.testng.reporters.JUnitXMLReporter -->
<testsuite hostname="thripura-PC" name="Default test" tests="1" failures="0" timestamp="7 Jan 2020 12:44:13 GMT" time="0.037" errors="0">
  <testcase name="@BeforeSuite openBrowser" time="0.0" classname="com.interview.automation.appln.scripts.AmazonPageTest">
    <failure type="java.lang.IllegalStateException" message="The driver executable does not exist: E:\MyWorkspace\InterviewTest\Drivers\chromedriver.exe">
      <![CDATA[java.lang.IllegalStateException: The driver executable does not exist: E:\MyWorkspace\InterviewTest\Drivers\chromedriver.exe
	at com.google.common.base.Preconditions.checkState(Preconditions.java:199)
	at org.openqa.selenium.remote.service.DriverService.checkExecutable(DriverService.java:121)
	at org.openqa.selenium.remote.service.DriverService.findExecutable(DriverService.java:116)
	at org.openqa.selenium.chrome.ChromeDriverService.access$0(ChromeDriverService.java:1)
	at org.openqa.selenium.chrome.ChromeDriverService$Builder.findDefaultExecutable(ChromeDriverService.java:137)
	at org.openqa.selenium.remote.service.DriverService$Builder.build(DriverService.java:296)
	at org.openqa.selenium.chrome.ChromeDriverService.createDefaultService(ChromeDriverService.java:88)
	at org.openqa.selenium.chrome.ChromeDriver.<init>(ChromeDriver.java:116)
	at com.interview.automation.base.BaseEngine.openBrowser(BaseEngine.java:54)
	at sun.reflect.NativeMethodAccessorImpl.invoke0(Native Method)
	at sun.reflect.NativeMethodAccessorImpl.invoke(NativeMethodAccessorImpl.java:62)
	at sun.reflect.DelegatingMethodAccessorImpl.invoke(DelegatingMethodAccessorImpl.java:43)
	at java.lang.reflect.Method.invoke(Method.java:498)
	at org.testng.internal.MethodInvocationHelper.invokeMethod(MethodInvocationHelper.java:85)
	at org.testng.internal.Invoker.invokeConfigurationMethod(Invoker.java:510)
	at org.testng.internal.Invoker.invokeConfigurations(Invoker.java:211)
	at org.testng.internal.Invoker.invokeConfigurations(Invoker.java:138)
	at org.testng.SuiteRunner.privateRun(SuiteRunner.java:298)
	at org.testng.SuiteRunner.run(SuiteRunner.java:261)
	at org.testng.SuiteRunnerWorker.runSuite(SuiteRunnerWorker.java:52)
	at org.testng.SuiteRunnerWorker.run(SuiteRunnerWorker.java:86)
	at org.testng.TestNG.runSuitesSequentially(TestNG.java:1215)
	at org.testng.TestNG.runSuitesLocally(TestNG.java:1140)
	at org.testng.TestNG.run(TestNG.java:1048)
	at org.testng.remote.AbstractRemoteTestNG.run(AbstractRemoteTestNG.java:114)
	at org.testng.remote.RemoteTestNG.initAndRun(RemoteTestNG.java:251)
	at org.testng.remote.RemoteTestNG.main(RemoteTestNG.java:77)
]]>
    </failure>
  </testcase> <!-- @BeforeSuite openBrowser -->
  <testcase name="@BeforeTest initiateReports" time="0.0" classname="com.interview.automation.appln.scripts.AmazonPageTest">
    <skipped/>
  </testcase> <!-- @BeforeTest initiateReports -->
  <testcase name="@BeforeMethod beforeTCExecution" time="0.0" classname="com.interview.automation.appln.scripts.AmazonPageTest">
    <skipped/>
  </testcase> <!-- @BeforeMethod beforeTCExecution -->
  <testcase name="@AfterMethod afterTCEcecution" time="0.0" classname="com.interview.automation.appln.scripts.AmazonPageTest">
    <skipped/>
  </testcase> <!-- @AfterMethod afterTCEcecution -->
  <testcase name="@AfterTest generateReports" time="0.0" classname="com.interview.automation.appln.scripts.AmazonPageTest">
    <skipped/>
  </testcase> <!-- @AfterTest generateReports -->
  <testcase name="assignment_amazonTest" time="0.002" classname="com.interview.automation.appln.scripts.AmazonPageTest">
    <skipped/>
  </testcase> <!-- assignment_amazonTest -->
</testsuite> <!-- Default test -->
