<?xml version="1.0" encoding="UTF-8"?>
<!-- Generated by org.testng.reporters.JUnitXMLReporter -->
<testsuite hostname="DESKTOP-ECUV1T5" ignored="4" name="Test" tests="4" failures="0" timestamp="07 Jan 2020 18:01:25 GMT" time="2.87" errors="0">
  <testcase name="@BeforeTest initiateReports" time="2.524" classname="com.interview.automation.base.BaseEngine">
    <failure type="java.lang.NoClassDefFoundError" message="freemarker/template/TemplateModelException">
      <![CDATA[java.lang.NoClassDefFoundError: freemarker/template/TemplateModelException
at com.relevantcodes.extentreports.ExtentReports.<init>(ExtentReports.java:86)
at com.relevantcodes.extentreports.ExtentReports.<init>(ExtentReports.java:420)
at com.interview.automation.base.BaseEngine.initiateReports(BaseEngine.java:86)
Caused by: java.lang.ClassNotFoundException: freemarker.template.TemplateModelException
at java.net.URLClassLoader.findClass(URLClassLoader.java:382)
at java.lang.ClassLoader.loadClass(ClassLoader.java:424)
at sun.misc.Launcher$AppClassLoader.loadClass(Launcher.java:349)
at java.lang.ClassLoader.loadClass(ClassLoader.java:357)
... 27 more
... Removed 24 stack frames]]>
    </failure>
  </testcase> <!-- @BeforeTest initiateReports -->
  <testcase name="@BeforeMethod beforeTCExecution" time="0.0" classname="com.interview.automation.base.BaseEngine">
    <skipped/>
  </testcase> <!-- @BeforeMethod beforeTCExecution -->
  <testcase name="@AfterMethod afterTCEcecution" time="0.0" classname="com.interview.automation.base.BaseEngine">
    <skipped/>
  </testcase> <!-- @AfterMethod afterTCEcecution -->
  <testcase name="@BeforeMethod beforeTCExecution" time="0.0" classname="com.interview.automation.base.BaseEngine">
    <skipped/>
  </testcase> <!-- @BeforeMethod beforeTCExecution -->
  <testcase name="@AfterMethod afterTCEcecution" time="0.0" classname="com.interview.automation.base.BaseEngine">
    <skipped/>
  </testcase> <!-- @AfterMethod afterTCEcecution -->
  <testcase name="@BeforeMethod beforeTCExecution" time="0.0" classname="com.interview.automation.base.BaseEngine">
    <skipped/>
  </testcase> <!-- @BeforeMethod beforeTCExecution -->
  <testcase name="@AfterMethod afterTCEcecution" time="0.0" classname="com.interview.automation.base.BaseEngine">
    <skipped/>
  </testcase> <!-- @AfterMethod afterTCEcecution -->
  <testcase name="@BeforeMethod beforeTCExecution" time="0.0" classname="com.interview.automation.base.BaseEngine">
    <skipped/>
  </testcase> <!-- @BeforeMethod beforeTCExecution -->
  <testcase name="@AfterMethod afterTCEcecution" time="0.0" classname="com.interview.automation.base.BaseEngine">
    <skipped/>
  </testcase> <!-- @AfterMethod afterTCEcecution -->
  <testcase name="@AfterTest generateReports" time="0.0" classname="com.interview.automation.base.BaseEngine">
    <skipped/>
  </testcase> <!-- @AfterTest generateReports -->
  <testcase name="assignment_amazonTest" time="0.0" classname="com.interview.automation.appln.scripts.AmazonPageTest">
    <skipped/>
  </testcase> <!-- assignment_amazonTest -->
  <testcase name="flipkart_Test" time="0.0" classname="com.interview.automation.appln.scripts.AmazonPageTest">
    <skipped/>
  </testcase> <!-- flipkart_Test -->
  <testcase name="priceComparision_BothWebsites" time="0.0" classname="com.interview.automation.appln.scripts.AmazonPageTest">
    <skipped/>
  </testcase> <!-- priceComparision_BothWebsites -->
  <testcase name="trip_Advisor_Rating" time="0.0" classname="com.interview.automation.appln.scripts.TripadvisorTest">
    <skipped/>
  </testcase> <!-- trip_Advisor_Rating -->
  <testcase name="@BeforeTest initiateReports" time="0.0" classname="com.interview.automation.base.BaseEngine">
    <ignored/>
  </testcase> <!-- @BeforeTest initiateReports -->
  <testcase name="@AfterTest generateReports" time="0.0" classname="com.interview.automation.base.BaseEngine">
    <ignored/>
  </testcase> <!-- @AfterTest generateReports -->
  <testcase name="@BeforeSuite openBrowser" time="0.0" classname="com.interview.automation.base.BaseEngine">
    <ignored/>
  </testcase> <!-- @BeforeSuite openBrowser -->
  <testcase name="@AfterSuite closeBrowser" time="0.0" classname="com.interview.automation.base.BaseEngine">
    <ignored/>
  </testcase> <!-- @AfterSuite closeBrowser -->
</testsuite> <!-- Test -->
